<?xml version="1.0" encoding="UTF-8" ?>
<testsuite tests="53" failures="0" name="com.numberdifference.NumberDifferenceTest" time="0.072" errors="0" skipped="0">
  <properties>
    <property name="java.runtime.name" value="Java(TM) SE Runtime Environment"/>
    <property name="java.vm.version" value="11.0.13+10-LTS-370"/>
    <property name="sun.boot.library.path" value="E:\Informatika\java\jdk-11.0.13\bin"/>
    <property name="maven.multiModuleProjectDirectory" value="E:\Informatika\SUT"/>
    <property name="java.vm.vendor" value="Oracle Corporation"/>
    <property name="java.vendor.url" value="https://openjdk.java.net/"/>
    <property name="guice.disable.misplaced.annotation.check" value="true"/>
    <property name="path.separator" value=";"/>
    <property name="java.vm.name" value="Java HotSpot(TM) 64-Bit Server VM"/>
    <property name="sun.os.patch.level" value=""/>
    <property name="user.script" value=""/>
    <property name="user.country" value="ID"/>
    <property name="sun.java.launcher" value="SUN_STANDARD"/>
    <property name="java.vm.specification.name" value="Java Virtual Machine Specification"/>
    <property name="user.dir" value="E:\Informatika\SUT"/>
    <property name="java.vm.compressedOopsMode" value="Zero based"/>
    <property name="java.runtime.version" value="11.0.13+10-LTS-370"/>
    <property name="java.awt.graphicsenv" value="sun.awt.Win32GraphicsEnvironment"/>
    <property name="os.arch" value="amd64"/>
    <property name="java.io.tmpdir" value="C:\Users\Pusiill\AppData\Local\Temp\"/>
    <property name="line.separator" value="
"/>
    <property name="java.vm.specification.vendor" value="Oracle Corporation"/>
    <property name="user.variant" value=""/>
    <property name="os.name" value="Windows 10"/>
    <property name="classworlds.conf" value="C:\Program Files\Maven\apache-maven-3.8.5\bin\m2.conf"/>
    <property name="sun.jnu.encoding" value="Cp1252"/>
    <property name="java.library.path" value="E:\Informatika\java\jdk-11.0.13\bin;C:\Windows\Sun\Java\bin;C:\Windows\system32;C:\Windows;C:\Program Files\Common Files\Oracle\Java\javapath;C:\Program Files (x86)\Common Files\Oracle\Java\javapath;C:\Windows\system32;C:\Windows;C:\Windows\System32\Wbem;C:\Windows\System32\WindowsPowerShell\v1.0\;C:\Windows\System32\OpenSSH\;C:\Program Files (x86)\NVIDIA Corporation\PhysX\Common;C:\Program Files\NVIDIA Corporation\NVIDIA NvDLISR;D:\Git\cmd;%JAVA_HOME%\bin;C:\Program Files\Maven\apache-maven-3.8.5\bin;%WIX%;C:\Program Files\PuTTY\;C:\Program Files\dotnet\;E:\Informatika\java\jdk-11.0.13\bin;E:\Informatika\nodejs\;E:\Python\Scripts\;E:\Python\;C:\Users\Pusiill\AppData\Local\Microsoft\WindowsApps;E:\Microsoft VS Code\bin;C:\Users\Pusiill\AppData\Roaming\npm;."/>
    <property name="maven.conf" value="C:\Program Files\Maven\apache-maven-3.8.5/conf"/>
    <property name="jdk.debug" value="release"/>
    <property name="java.class.version" value="55.0"/>
    <property name="java.specification.name" value="Java Platform API Specification"/>
    <property name="sun.management.compiler" value="HotSpot 64-Bit Tiered Compilers"/>
    <property name="os.version" value="10.0"/>
    <property name="library.jansi.path" value="C:\Program Files\Maven\apache-maven-3.8.5\lib\jansi-native"/>
    <property name="user.home" value="C:\Users\Pusiill"/>
    <property name="user.timezone" value="Asia/Bangkok"/>
    <property name="java.awt.printerjob" value="sun.awt.windows.WPrinterJob"/>
    <property name="file.encoding" value="Cp1252"/>
    <property name="java.specification.version" value="11"/>
    <property name="user.name" value="Pusiill"/>
    <property name="java.class.path" value="C:\Program Files\Maven\apache-maven-3.8.5\boot\plexus-classworlds-2.6.0.jar"/>
    <property name="java.vm.specification.version" value="11"/>
    <property name="sun.arch.data.model" value="64"/>
    <property name="sun.java.command" value="org.codehaus.plexus.classworlds.launcher.Launcher clean install"/>
    <property name="java.home" value="E:\Informatika\java\jdk-11.0.13"/>
    <property name="user.language" value="en"/>
    <property name="java.specification.vendor" value="Oracle Corporation"/>
    <property name="awt.toolkit" value="sun.awt.windows.WToolkit"/>
    <property name="java.vm.info" value="mixed mode"/>
    <property name="java.version" value="11.0.13"/>
    <property name="java.vendor" value="Oracle Corporation"/>
    <property name="sun.stderr.encoding" value="cp437"/>
    <property name="maven.home" value="C:\Program Files\Maven\apache-maven-3.8.5"/>
    <property name="file.separator" value="\"/>
    <property name="java.version.date" value="2021-10-19"/>
    <property name="java.vendor.url.bug" value="https://bugreport.java.com/bugreport/"/>
    <property name="sun.io.unicode.encoding" value="UnicodeLittle"/>
    <property name="sun.cpu.endian" value="little"/>
    <property name="java.vendor.version" value="18.9"/>
    <property name="sun.stdout.encoding" value="cp437"/>
    <property name="sun.desktop" value="windows"/>
    <property name="sun.cpu.isalist" value="amd64"/>
  </properties>
  <testcase classname="com.numberdifference.NumberDifferenceTest" name="testKategori_4" time="0.024"/>
  <testcase classname="com.numberdifference.NumberDifferenceTest" name="testKategori_5" time="0.001"/>
  <testcase classname="com.numberdifference.NumberDifferenceTest" name="testKategori_6" time="0"/>
  <testcase classname="com.numberdifference.NumberDifferenceTest" name="testKategori_7" time="0.022"/>
  <testcase classname="com.numberdifference.NumberDifferenceTest" name="testKategori_8" time="0.001"/>
  <testcase classname="com.numberdifference.NumberDifferenceTest" name="testKategori_9" time="0"/>
  <testcase classname="com.numberdifference.NumberDifferenceTest" name="testKategori_11" time="0"/>
  <testcase classname="com.numberdifference.NumberDifferenceTest" name="testKategori_12" time="0.001"/>
  <testcase classname="com.numberdifference.NumberDifferenceTest" name="testKategori_13" time="0"/>
  <testcase classname="com.numberdifference.NumberDifferenceTest" name="testKategori_14" time="0.001"/>
  <testcase classname="com.numberdifference.NumberDifferenceTest" name="testKategori_15" time="0"/>
  <testcase classname="com.numberdifference.NumberDifferenceTest" name="testKategori_16" time="0.001"/>
  <testcase classname="com.numberdifference.NumberDifferenceTest" name="testKategori_17" time="0.001"/>
  <testcase classname="com.numberdifference.NumberDifferenceTest" name="testKategori_18" time="0"/>
  <testcase classname="com.numberdifference.NumberDifferenceTest" name="testKategori_19" time="0"/>
  <testcase classname="com.numberdifference.NumberDifferenceTest" name="testKategori_3a" time="0.001"/>
  <testcase classname="com.numberdifference.NumberDifferenceTest" name="testKategori_3b" time="0.001"/>
  <testcase classname="com.numberdifference.NumberDifferenceTest" name="testValidasiRange_11" time="0"/>
  <testcase classname="com.numberdifference.NumberDifferenceTest" name="testValidasiRange_12" time="0"/>
  <testcase classname="com.numberdifference.NumberDifferenceTest" name="testValidasiRange_13" time="0"/>
  <testcase classname="com.numberdifference.NumberDifferenceTest" name="testValidasiRange_14" time="0"/>
  <testcase classname="com.numberdifference.NumberDifferenceTest" name="testValidasiRange_15" time="0.001"/>
  <testcase classname="com.numberdifference.NumberDifferenceTest" name="testValidasiRange_16" time="0"/>
  <testcase classname="com.numberdifference.NumberDifferenceTest" name="testValidasiRange_17" time="0"/>
  <testcase classname="com.numberdifference.NumberDifferenceTest" name="testValidasiRange_18" time="0"/>
  <testcase classname="com.numberdifference.NumberDifferenceTest" name="testValidasiRange_19" time="0.001"/>
  <testcase classname="com.numberdifference.NumberDifferenceTest" name="testValidasiRange_3a" time="0"/>
  <testcase classname="com.numberdifference.NumberDifferenceTest" name="testValidasiRange_3b" time="0"/>
  <testcase classname="com.numberdifference.NumberDifferenceTest" name="testValidasiRange_1" time="0"/>
  <testcase classname="com.numberdifference.NumberDifferenceTest" name="testValidasiRange_4" time="0"/>
  <testcase classname="com.numberdifference.NumberDifferenceTest" name="testValidasiRange_5" time="0.001"/>
  <testcase classname="com.numberdifference.NumberDifferenceTest" name="testValidasiRange_6" time="0"/>
  <testcase classname="com.numberdifference.NumberDifferenceTest" name="testValidasiRange_7" time="0"/>
  <testcase classname="com.numberdifference.NumberDifferenceTest" name="testValidasiRange_8" time="0"/>
  <testcase classname="com.numberdifference.NumberDifferenceTest" name="testValidasiRange_9" time="0"/>
  <testcase classname="com.numberdifference.NumberDifferenceTest" name="testDiff_11" time="0.001"/>
  <testcase classname="com.numberdifference.NumberDifferenceTest" name="testDiff_12" time="0"/>
  <testcase classname="com.numberdifference.NumberDifferenceTest" name="testDiff_13" time="0"/>
  <testcase classname="com.numberdifference.NumberDifferenceTest" name="testDiff_14" time="0.001"/>
  <testcase classname="com.numberdifference.NumberDifferenceTest" name="testDiff_15" time="0"/>
  <testcase classname="com.numberdifference.NumberDifferenceTest" name="testDiff_16" time="0"/>
  <testcase classname="com.numberdifference.NumberDifferenceTest" name="testDiff_17" time="0.001"/>
  <testcase classname="com.numberdifference.NumberDifferenceTest" name="testDiff_18" time="0"/>
  <testcase classname="com.numberdifference.NumberDifferenceTest" name="testDiff_19" time="0"/>
  <testcase classname="com.numberdifference.NumberDifferenceTest" name="testDiff_3a" time="0"/>
  <testcase classname="com.numberdifference.NumberDifferenceTest" name="testDiff_3b" time="0"/>
  <testcase classname="com.numberdifference.NumberDifferenceTest" name="testDiff_4" time="0.001"/>
  <testcase classname="com.numberdifference.NumberDifferenceTest" name="testDiff_5" time="0"/>
  <testcase classname="com.numberdifference.NumberDifferenceTest" name="testDiff_6" time="0.001"/>
  <testcase classname="com.numberdifference.NumberDifferenceTest" name="testDiff_7" time="0.001"/>
  <testcase classname="com.numberdifference.NumberDifferenceTest" name="testDiff_8" time="0"/>
  <testcase classname="com.numberdifference.NumberDifferenceTest" name="testDiff_9" time="0"/>
  <testcase classname="com.numberdifference.NumberDifferenceTest" name="testFlow_1" time="0.009"/>
</testsuite>